-------------------------------------------------------------------------------
Test set: com.nopcommerce.demo.cucumber.CukeTest
-------------------------------------------------------------------------------
Tests run: 1, Failures: 0, Errors: 1, Skipped: 0, Time elapsed: 4.972 s <<< FAILURE! - in com.nopcommerce.demo.cucumber.CukeTest
com.nopcommerce.demo.cucumber.CukeTest  Time elapsed: 4.918 s  <<< ERROR!
java.lang.IllegalArgumentException: testName cannot be null or empty

